<?xml version="1.0" encoding="UTF-8"?>
<testng-results skipped="0" failed="0" ignored="0" total="1" passed="1">
  <reporter-output>
  </reporter-output>
  <suite name="Suite" duration-ms="11597" started-at="2021-09-13T13:58:55 IST" finished-at="2021-09-13T13:59:07 IST">
    <groups>
    </groups>
    <test name="Test" duration-ms="11597" started-at="2021-09-13T13:58:55 IST" finished-at="2021-09-13T13:59:07 IST">
      <class name="Login">
        <test-method status="PASS" signature="launchBrowser()[pri:0, instance:Login@5a8e6209]" name="launchBrowser" duration-ms="11530" started-at="2021-09-13T13:58:55 IST" finished-at="2021-09-13T13:59:07 IST">
          <reporter-output>
          </reporter-output>
        </test-method> <!-- launchBrowser -->
      </class> <!-- Login -->
    </test> <!-- Test -->
  </suite> <!-- Suite -->
</testng-results>
